<?xml version="1.0" encoding="UTF-8"?>
<!-- Generated by org.testng.reporters.JUnitXMLReporter -->
<testsuite ignored="0" hostname="QT-INBG-LT0634" failures="0" tests="10" name="Test" time="41.214" errors="0" timestamp="2022-08-02T23:39:25 IST">
  <testcase classname="AutomationProject.AutomationProject.SignIn" name="signin" time="13.029"/>
  <testcase classname="AutomationProject.AutomationProject.ContactUs" name="Contact" time="14.694"/>
  <testcase classname="AutomationProject.AutomationProject.HomePages" name="homepage" time="16.135"/>
  <testcase classname="AutomationProject.AutomationProject.SignUp" name="signup" time="18.369"/>
  <testcase classname="AutomationProject.AutomationProject.SignIn" name="signin" time="5.917"/>
  <testcase classname="AutomationProject.AutomationProject.ContactUs" name="Contact" time="6.715"/>
  <testcase classname="AutomationProject.AutomationProject.SignUp" name="signup" time="5.438"/>
  <testcase classname="AutomationProject.AutomationProject.AllMobiles" name="allmobiles" time="24.511"/>
  <testcase classname="AutomationProject.AutomationProject.Order" name="Orders" time="26.673"/>
  <testcase classname="AutomationProject.AutomationProject.Order" name="Orders" time="14.484"/>
</testsuite> <!-- Test -->
