<?xml version="1.0" encoding="UTF-8"?>
<!-- Generated by org.testng.reporters.JUnitXMLReporter -->
<testsuite ignored="0" hostname="QT-INBG-LT0634" failures="0" tests="10" name="Test" time="63.339" errors="0" timestamp="2022-08-04T10:40:33 IST">
  <testcase classname="AutomationProject.AutomationProject.HomePages" name="homepage" time="4.722"/>
  <testcase classname="AutomationProject.AutomationProject.SignUp" name="signup" time="2.987"/>
  <testcase classname="AutomationProject.AutomationProject.SignUp" name="signup" time="3.438"/>
  <testcase classname="AutomationProject.AutomationProject.SignIn" name="signin" time="2.953"/>
  <testcase classname="AutomationProject.AutomationProject.SignIn" name="signin" time="3.753"/>
  <testcase classname="AutomationProject.AutomationProject.Order" name="Orders" time="12.862"/>
  <testcase classname="AutomationProject.AutomationProject.Order" name="Orders" time="14.306"/>
  <testcase classname="AutomationProject.AutomationProject.AllMobiles" name="allmobiles" time="9.635"/>
  <testcase classname="AutomationProject.AutomationProject.ContactUs" name="Contact" time="3.634"/>
  <testcase classname="AutomationProject.AutomationProject.ContactUs" name="Contact" time="4.978"/>
</testsuite> <!-- Test -->
