<?xml version="1.0" encoding="UTF-8"?>
<!-- Generated by org.testng.reporters.JUnitXMLReporter -->
<testsuite ignored="0" hostname="QT-INBG-LT0634" failures="0" tests="10" name="Test" time="57.092" errors="0" timestamp="2022-08-03T09:59:38 IST">
  <testcase classname="AutomationProject.AutomationProject.AllMobiles" name="allmobiles" time="10.073"/>
  <testcase classname="AutomationProject.AutomationProject.HomePages" name="homepage" time="2.003"/>
  <testcase classname="AutomationProject.AutomationProject.SignUp" name="signup" time="2.811"/>
  <testcase classname="AutomationProject.AutomationProject.SignUp" name="signup" time="2.975"/>
  <testcase classname="AutomationProject.AutomationProject.Order" name="Orders" time="12.849"/>
  <testcase classname="AutomationProject.AutomationProject.Order" name="Orders" time="13.331"/>
  <testcase classname="AutomationProject.AutomationProject.SignIn" name="signin" time="0.428"/>
  <testcase classname="AutomationProject.AutomationProject.SignIn" name="signin" time="0.654"/>
  <testcase classname="AutomationProject.AutomationProject.ContactUs" name="Contact" time="4.395"/>
  <testcase classname="AutomationProject.AutomationProject.ContactUs" name="Contact" time="3.677"/>
</testsuite> <!-- Test -->
