<?xml version="1.0" encoding="UTF-8"?>
<testng-results ignored="0" total="10" passed="10" failed="0" skipped="0">
  <reporter-output>
  </reporter-output>
  <suite started-at="2022-08-04T10:39:30 IST" name="Suite" finished-at="2022-08-04T10:40:33 IST" duration-ms="63339">
    <groups>
    </groups>
    <test started-at="2022-08-04T10:39:30 IST" name="Test" finished-at="2022-08-04T10:40:33 IST" duration-ms="63339">
      <class name="AutomationProject.AutomationProject.AllMobiles">
        <test-method signature="allmobiles()[pri:0, instance:AutomationProject.AutomationProject.AllMobiles@41e36e46]" started-at="2022-08-04T10:40:15 IST" name="allmobiles" finished-at="2022-08-04T10:40:25 IST" duration-ms="9635" status="PASS">
          <reporter-output>
          </reporter-output>
        </test-method> <!-- allmobiles -->
      </class> <!-- AutomationProject.AutomationProject.AllMobiles -->
      <class name="AutomationProject.AutomationProject.ContactUs">
        <test-method signature="Contact(java.lang.String,java.lang.String,java.lang.String,java.lang.String)[pri:0, instance:AutomationProject.AutomationProject.ContactUs@15c43bd9]" started-at="2022-08-04T10:40:25 IST" name="Contact" data-provider="contact" finished-at="2022-08-04T10:40:28 IST" duration-ms="3634" status="PASS">
          <params>
            <param index="0">
              <value>
                <![CDATA[abcd]]>
              </value>
            </param>
            <param index="1">
              <value>
                <![CDATA[abcd@gmail.com]]>
              </value>
            </param>
            <param index="2">
              <value>
                <![CDATA[9865098650]]>
              </value>
            </param>
            <param index="3">
              <value>
                <![CDATA[Hi,hello]]>
              </value>
            </param>
          </params>
          <reporter-output>
          </reporter-output>
        </test-method> <!-- Contact -->
        <test-method signature="Contact(java.lang.String,java.lang.String,java.lang.String,java.lang.String)[pri:0, instance:AutomationProject.AutomationProject.ContactUs@15c43bd9]" started-at="2022-08-04T10:40:28 IST" name="Contact" data-provider="contact" finished-at="2022-08-04T10:40:33 IST" duration-ms="4978" status="PASS">
          <params>
            <param index="0">
              <value>
                <![CDATA[qwer]]>
              </value>
            </param>
            <param index="1">
              <value>
                <![CDATA[qwer@gmail.com]]>
              </value>
            </param>
            <param index="2">
              <value>
                <![CDATA[7865078650]]>
              </value>
            </param>
            <param index="3">
              <value>
                <![CDATA[hellooo!!]]>
              </value>
            </param>
          </params>
          <reporter-output>
          </reporter-output>
        </test-method> <!-- Contact -->
      </class> <!-- AutomationProject.AutomationProject.ContactUs -->
      <class name="AutomationProject.AutomationProject.Order">
        <test-method signature="Orders(java.lang.String,java.lang.String,java.lang.String,java.lang.String,java.lang.String,java.lang.String,java.lang.String,java.lang.String,java.lang.String,java.lang.String)[pri:0, instance:AutomationProject.AutomationProject.Order@76508ed1]" started-at="2022-08-04T10:39:48 IST" name="Orders" data-provider="order" finished-at="2022-08-04T10:40:01 IST" duration-ms="12862" status="PASS">
          <params>
            <param index="0">
              <value>
                <![CDATA[abcd]]>
              </value>
            </param>
            <param index="1">
              <value>
                <![CDATA[abcd]]>
              </value>
            </param>
            <param index="2">
              <value>
                <![CDATA[abcd@gmail.com]]>
              </value>
            </param>
            <param index="3">
              <value>
                <![CDATA[abcd]]>
              </value>
            </param>
            <param index="4">
              <value>
                <![CDATA[9865098650]]>
              </value>
            </param>
            <param index="5">
              <value>
                <![CDATA[1-123]]>
              </value>
            </param>
            <param index="6">
              <value>
                <![CDATA[M.G road]]>
              </value>
            </param>
            <param index="7">
              <value>
                <![CDATA[bengaluru]]>
              </value>
            </param>
            <param index="8">
              <value>
                <![CDATA[560002]]>
              </value>
            </param>
            <param index="9">
              <value>
                <![CDATA[2]]>
              </value>
            </param>
          </params>
          <reporter-output>
          </reporter-output>
        </test-method> <!-- Orders -->
        <test-method signature="Orders(java.lang.String,java.lang.String,java.lang.String,java.lang.String,java.lang.String,java.lang.String,java.lang.String,java.lang.String,java.lang.String,java.lang.String)[pri:0, instance:AutomationProject.AutomationProject.Order@76508ed1]" started-at="2022-08-04T10:40:01 IST" name="Orders" data-provider="order" finished-at="2022-08-04T10:40:15 IST" duration-ms="14306" status="PASS">
          <params>
            <param index="0">
              <value>
                <![CDATA[qwer]]>
              </value>
            </param>
            <param index="1">
              <value>
                <![CDATA[qwer]]>
              </value>
            </param>
            <param index="2">
              <value>
                <![CDATA[qwer@gmail.com]]>
              </value>
            </param>
            <param index="3">
              <value>
                <![CDATA[qwerrr]]>
              </value>
            </param>
            <param index="4">
              <value>
                <![CDATA[7865078650]]>
              </value>
            </param>
            <param index="5">
              <value>
                <![CDATA[2-454]]>
              </value>
            </param>
            <param index="6">
              <value>
                <![CDATA[Manyata]]>
              </value>
            </param>
            <param index="7">
              <value>
                <![CDATA[bengaluru]]>
              </value>
            </param>
            <param index="8">
              <value>
                <![CDATA[560043]]>
              </value>
            </param>
            <param index="9">
              <value>
                <![CDATA[1]]>
              </value>
            </param>
          </params>
          <reporter-output>
          </reporter-output>
        </test-method> <!-- Orders -->
      </class> <!-- AutomationProject.AutomationProject.Order -->
      <class name="AutomationProject.AutomationProject.SignUp">
        <test-method signature="signup(java.lang.String,java.lang.String,java.lang.String,java.lang.String,java.lang.String,java.lang.String,java.lang.String)[pri:0, instance:AutomationProject.AutomationProject.SignUp@4ac3c60d]" started-at="2022-08-04T10:39:35 IST" name="signup" data-provider="signup" finished-at="2022-08-04T10:39:38 IST" duration-ms="2987" status="PASS">
          <params>
            <param index="0">
              <value>
                <![CDATA[abcd]]>
              </value>
            </param>
            <param index="1">
              <value>
                <![CDATA[abcd]]>
              </value>
            </param>
            <param index="2">
              <value>
                <![CDATA[abcd@gmail.com]]>
              </value>
            </param>
            <param index="3">
              <value>
                <![CDATA[abcd]]>
              </value>
            </param>
            <param index="4">
              <value>
                <![CDATA[10102020]]>
              </value>
            </param>
            <param index="5">
              <value>
                <![CDATA[9865098650]]>
              </value>
            </param>
            <param index="6">
              <value>
                <![CDATA[hi]]>
              </value>
            </param>
          </params>
          <reporter-output>
          </reporter-output>
        </test-method> <!-- signup -->
        <test-method signature="signup(java.lang.String,java.lang.String,java.lang.String,java.lang.String,java.lang.String,java.lang.String,java.lang.String)[pri:0, instance:AutomationProject.AutomationProject.SignUp@4ac3c60d]" started-at="2022-08-04T10:39:38 IST" name="signup" data-provider="signup" finished-at="2022-08-04T10:39:41 IST" duration-ms="3438" status="PASS">
          <params>
            <param index="0">
              <value>
                <![CDATA[qwer]]>
              </value>
            </param>
            <param index="1">
              <value>
                <![CDATA[qwer]]>
              </value>
            </param>
            <param index="2">
              <value>
                <![CDATA[qwer@gmail.com]]>
              </value>
            </param>
            <param index="3">
              <value>
                <![CDATA[qwerrr]]>
              </value>
            </param>
            <param index="4">
              <value>
                <![CDATA[02252022]]>
              </value>
            </param>
            <param index="5">
              <value>
                <![CDATA[9865098650]]>
              </value>
            </param>
            <param index="6">
              <value>
                <![CDATA[hello]]>
              </value>
            </param>
          </params>
          <reporter-output>
          </reporter-output>
        </test-method> <!-- signup -->
      </class> <!-- AutomationProject.AutomationProject.SignUp -->
      <class name="AutomationProject.AutomationProject.HomePages">
        <test-method signature="homepage()[pri:0, instance:AutomationProject.AutomationProject.HomePages@1ddf84b8]" started-at="2022-08-04T10:39:30 IST" name="homepage" finished-at="2022-08-04T10:39:35 IST" duration-ms="4722" status="PASS">
          <reporter-output>
          </reporter-output>
        </test-method> <!-- homepage -->
      </class> <!-- AutomationProject.AutomationProject.HomePages -->
      <class name="AutomationProject.AutomationProject.SignIn">
        <test-method signature="signin(java.lang.String,java.lang.String)[pri:0, instance:AutomationProject.AutomationProject.SignIn@4facf68f]" started-at="2022-08-04T10:39:41 IST" name="signin" data-provider="mobile" finished-at="2022-08-04T10:39:44 IST" duration-ms="2953" status="PASS">
          <params>
            <param index="0">
              <value>
                <![CDATA[abcd]]>
              </value>
            </param>
            <param index="1">
              <value>
                <![CDATA[efgh]]>
              </value>
            </param>
          </params>
          <reporter-output>
          </reporter-output>
        </test-method> <!-- signin -->
        <test-method signature="signin(java.lang.String,java.lang.String)[pri:0, instance:AutomationProject.AutomationProject.SignIn@4facf68f]" started-at="2022-08-04T10:39:44 IST" name="signin" data-provider="mobile" finished-at="2022-08-04T10:39:48 IST" duration-ms="3753" status="PASS">
          <params>
            <param index="0">
              <value>
                <![CDATA[qwerty]]>
              </value>
            </param>
            <param index="1">
              <value>
                <![CDATA[qwertyui23]]>
              </value>
            </param>
          </params>
          <reporter-output>
          </reporter-output>
        </test-method> <!-- signin -->
      </class> <!-- AutomationProject.AutomationProject.SignIn -->
    </test> <!-- Test -->
  </suite> <!-- Suite -->
</testng-results>
